<?xml version="1.0" encoding="UTF-8"?>
<testng-results ignored="0" total="1" passed="1" failed="0" skipped="0">
  <reporter-output>
  </reporter-output>
  <suite started-at="2023-12-27T14:30:48 IST" name="Default suite" finished-at="2023-12-27T14:30:50 IST" duration-ms="1973">
    <groups>
    </groups>
    <test started-at="2023-12-27T14:30:48 IST" name="Default test" finished-at="2023-12-27T14:30:50 IST" duration-ms="1973">
      <class name="JDBC.Handle_jdbc">
        <test-method signature="getdata()[pri:0, instance:JDBC.Handle_jdbc@378542de]" started-at="2023-12-27T14:30:48 IST" name="getdata" finished-at="2023-12-27T14:30:50 IST" duration-ms="1854" status="PASS">
          <reporter-output>
          </reporter-output>
        </test-method> <!-- getdata -->
      </class> <!-- JDBC.Handle_jdbc -->
    </test> <!-- Default test -->
  </suite> <!-- Default suite -->
</testng-results>
